TN:
SF:src/common/api/index.ts
FN:22,(anonymous_0)
FN:31,(anonymous_1)
FNF:2
FNH:2
FNDA:2,(anonymous_0)
FNDA:2,(anonymous_1)
DA:1,3
DA:2,3
DA:22,3
DA:31,3
DA:32,2
DA:33,2
DA:36,2
LF:7
LH:7
BRF:0
BRH:0
end_of_record
TN:
SF:src/common/endpoints/candidates.ts
FN:12,(anonymous_0)
FNF:1
FNH:1
FNDA:1,(anonymous_0)
DA:2,2
DA:12,2
LF:2
LH:2
BRF:0
BRH:0
end_of_record
TN:
SF:src/models/candidates/actions.ts
FN:4,(anonymous_0)
FN:10,(anonymous_1)
FN:24,(anonymous_2)
FN:38,(anonymous_3)
FNF:4
FNH:3
FNDA:0,(anonymous_0)
FNDA:2,(anonymous_1)
FNDA:8,(anonymous_2)
FNDA:4,(anonymous_3)
DA:1,1
DA:4,1
DA:6,0
DA:10,1
DA:17,2
DA:24,1
DA:31,8
DA:38,1
DA:45,4
LF:9
LH:8
BRF:0
BRH:0
end_of_record
TN:
SF:src/models/candidates/sagas.ts
FN:7,fetchCandidates
FN:28,fetchCandidatesSaga
FNF:2
FNH:1
FNDA:2,fetchCandidates
FNDA:0,fetchCandidatesSaga
DA:1,1
DA:2,1
DA:3,1
DA:5,1
DA:7,1
DA:12,2
DA:13,2
DA:14,2
DA:15,2
DA:16,1
DA:17,1
DA:18,1
DA:19,1
DA:22,1
DA:24,2
DA:29,0
DA:32,1
LF:17
LH:16
BRDA:15,0,0,1
BRDA:15,0,1,1
BRDA:18,1,0,1
BRF:3
BRH:3
end_of_record
