TN:
SF:src/App.tsx
FN:5,App
FNF:1
FNH:1
FNDA:1,App
DA:1,1
DA:2,1
DA:3,1
DA:5,1
DA:6,1
LF:5
LH:5
BRF:0
BRH:0
end_of_record
TN:
SF:src/router.tsx
FN:5,Router
FNF:1
FNH:1
FNDA:1,Router
DA:1,2
DA:2,2
DA:3,2
DA:5,2
DA:6,1
LF:5
LH:5
BRF:0
BRH:0
end_of_record
TN:
SF:src/common/api/constants.ts
FNF:0
FNH:0
DA:1,3
LF:1
LH:1
BRF:0
BRH:0
end_of_record
TN:
SF:src/common/api/index.ts
FN:22,(anonymous_0)
FN:31,(anonymous_1)
FNF:2
FNH:2
FNDA:2,(anonymous_0)
FNDA:2,(anonymous_1)
DA:1,3
DA:2,3
DA:22,3
DA:31,3
DA:32,2
DA:33,2
DA:36,2
LF:7
LH:7
BRF:0
BRH:0
end_of_record
TN:
SF:src/common/endpoints/candidates.ts
FN:12,(anonymous_0)
FNF:1
FNH:1
FNDA:1,(anonymous_0)
DA:2,2
DA:12,2
LF:2
LH:2
BRF:0
BRH:0
end_of_record
TN:
SF:src/components/button/index.tsx
FN:11,Button
FNF:1
FNH:1
FNDA:27,Button
DA:1,9
DA:2,9
DA:11,9
DA:12,27
DA:14,27
DA:19,27
LF:6
LH:6
BRDA:12,0,0,2
BRDA:20,1,0,27
BRDA:20,1,1,2
BRF:3
BRH:3
end_of_record
TN:
SF:src/components/combo-input/index.tsx
FN:14,ComboBox
FN:18,(anonymous_1)
FN:24,(anonymous_2)
FN:47,(anonymous_3)
FN:48,(anonymous_4)
FNF:5
FNH:5
FNDA:32,ComboBox
FNDA:4,(anonymous_1)
FNDA:2,(anonymous_2)
FNDA:22,(anonymous_3)
FNDA:33,(anonymous_4)
DA:1,7
DA:2,7
DA:3,7
DA:14,7
DA:15,32
DA:17,32
DA:19,4
DA:24,32
DA:25,2
DA:28,32
DA:47,22
DA:49,33
LF:12
LH:12
BRDA:15,0,0,10
BRDA:32,1,0,32
BRDA:32,1,1,7
BRDA:38,2,0,32
BRDA:38,2,1,4
BRDA:44,3,0,32
BRDA:44,3,1,12
BRDA:47,4,0,18
BRDA:47,4,1,4
BRF:9
BRH:9
end_of_record
TN:
SF:src/components/grid/index.tsx
FN:38,Grid
FNF:1
FNH:1
FNDA:17,Grid
DA:1,4
DA:3,4
DA:4,4
DA:5,4
DA:6,4
DA:7,4
DA:8,4
DA:10,4
DA:38,4
DA:40,17
DA:41,17
DA:42,17
DA:43,17
DA:45,17
LF:14
LH:14
BRDA:60,0,0,17
BRDA:60,0,1,11
BRDA:60,0,2,8
BRF:3
BRH:3
end_of_record
TN:
SF:src/components/grid/utils.ts
FN:11,(anonymous_0)
FN:13,(anonymous_1)
FN:14,(anonymous_2)
FN:24,(anonymous_3)
FN:41,(anonymous_4)
FN:56,(anonymous_5)
FN:60,(anonymous_6)
FN:61,(anonymous_7)
FN:67,(anonymous_8)
FN:85,(anonymous_9)
FN:86,(anonymous_10)
FN:87,(anonymous_11)
FN:92,(anonymous_12)
FNF:13
FNH:13
FNDA:18,(anonymous_0)
FNDA:110,(anonymous_1)
FNDA:44,(anonymous_2)
FNDA:50,(anonymous_3)
FNDA:54,(anonymous_4)
FNDA:19,(anonymous_5)
FNDA:2,(anonymous_6)
FNDA:11,(anonymous_7)
FNDA:7,(anonymous_8)
FNDA:18,(anonymous_9)
FNDA:110,(anonymous_10)
FNDA:17,(anonymous_11)
FNDA:23,(anonymous_12)
DA:1,9
DA:11,9
DA:12,18
DA:13,110
DA:14,44
DA:24,9
DA:30,50
DA:41,9
DA:42,54
DA:43,54
DA:56,9
DA:57,19
DA:59,19
DA:60,2
DA:61,11
DA:62,19
DA:64,19
DA:65,19
DA:67,19
DA:68,7
DA:69,5
DA:71,2
DA:76,19
DA:85,9
DA:86,18
DA:87,110
DA:88,110
DA:89,44
DA:92,23
DA:96,110
LF:30
LH:30
BRDA:31,0,0,50
BRDA:31,0,1,1
BRDA:32,1,0,50
BRDA:32,1,1,1
BRDA:41,2,0,1
BRDA:42,3,0,54
BRDA:42,3,1,0
BRDA:59,4,0,1
BRDA:59,4,1,18
BRDA:59,5,0,19
BRDA:59,5,1,14
BRDA:64,6,0,19
BRDA:68,7,0,5
BRDA:68,7,1,2
BRDA:69,8,0,3
BRDA:69,8,1,2
BRDA:71,9,0,1
BRDA:71,9,1,1
BRDA:87,10,0,97
BRDA:88,11,0,44
BRF:20
BRH:19
end_of_record
TN:
SF:src/components/grid/filter/index.tsx
FN:22,Filter
FN:26,(anonymous_1)
FN:28,(anonymous_2)
FN:30,(anonymous_3)
FN:34,(anonymous_4)
FNF:5
FNH:5
FNDA:25,Filter
FNDA:30,(anonymous_1)
FNDA:3,(anonymous_2)
FNDA:1,(anonymous_3)
FNDA:2,(anonymous_4)
DA:1,6
DA:2,6
DA:3,6
DA:4,6
DA:5,6
DA:22,6
DA:23,25
DA:25,25
DA:26,30
DA:28,25
DA:30,25
DA:31,1
DA:34,25
DA:35,2
DA:38,25
LF:15
LH:15
BRDA:28,0,0,0
BRDA:28,1,0,1
BRDA:28,2,0,2
BRDA:28,2,1,1
BRF:4
BRH:3
end_of_record
TN:
SF:src/components/grid/grid-error/index.tsx
FN:9,GridError
FNF:1
FNH:1
FNDA:20,GridError
DA:1,5
DA:2,5
DA:9,5
DA:10,20
DA:12,20
DA:13,12
DA:16,8
LF:7
LH:7
BRDA:12,0,0,12
BRF:1
BRH:1
end_of_record
TN:
SF:src/components/grid/grid-loader/index.tsx
FN:8,GridLoader
FNF:1
FNH:1
FNDA:20,GridLoader
DA:1,5
DA:2,5
DA:8,5
DA:9,20
DA:10,20
DA:11,16
DA:14,4
LF:7
LH:7
BRDA:10,0,0,16
BRF:1
BRH:1
end_of_record
TN:
SF:src/components/grid/grid-table/index.tsx
FN:8,GridTable
FNF:1
FNH:1
FNDA:9,GridTable
DA:1,5
DA:8,5
DA:9,9
DA:11,9
LF:4
LH:4
BRF:0
BRH:0
end_of_record
TN:
SF:src/components/grid/grid-table-body/index.tsx
FN:10,GridTableBody
FN:14,(anonymous_1)
FN:15,(anonymous_2)
FN:15,(anonymous_3)
FNF:4
FNH:4
FNDA:9,GridTableBody
FNDA:12,(anonymous_1)
FNDA:54,(anonymous_2)
FNDA:45,(anonymous_3)
DA:1,5
DA:2,5
DA:10,5
DA:11,9
DA:12,9
DA:15,45
DA:16,54
DA:20,54
LF:8
LH:8
BRDA:15,0,0,45
BRF:1
BRH:1
end_of_record
TN:
SF:src/components/grid/grid-table-header/index.tsx
FN:15,GridTableHeader
FN:23,(anonymous_1)
FNF:2
FNH:2
FNDA:9,GridTableHeader
FNDA:58,(anonymous_1)
DA:1,5
DA:2,5
DA:3,5
DA:7,5
DA:15,5
DA:16,9
DA:18,9
DA:19,9
DA:21,9
DA:24,58
DA:29,58
LF:11
LH:11
BRDA:16,0,0,1
BRDA:16,1,0,1
BRDA:32,2,0,58
BRDA:32,2,1,8
BRDA:32,3,0,7
BRDA:32,3,1,1
BRDA:33,4,0,58
BRDA:33,4,1,0
BRDA:33,4,2,0
BRF:9
BRH:7
end_of_record
TN:
SF:src/components/grid/header/index.tsx
FN:17,GridHeader
FNF:1
FNH:1
FNDA:18,GridHeader
DA:1,5
DA:2,5
DA:3,5
DA:17,5
DA:28,18
DA:30,18
LF:6
LH:6
BRF:0
BRH:0
end_of_record
TN:
SF:src/components/grid/sort/index.tsx
FN:21,Sort
FN:25,(anonymous_1)
FN:28,(anonymous_2)
FN:34,(anonymous_3)
FNF:4
FNH:4
FNDA:21,Sort
FNDA:3,(anonymous_1)
FNDA:2,(anonymous_2)
FNDA:1,(anonymous_3)
DA:1,6
DA:2,6
DA:3,6
DA:4,6
DA:5,6
DA:21,6
DA:22,21
DA:23,21
DA:25,21
DA:27,21
DA:29,2
DA:34,21
DA:35,1
DA:38,21
LF:14
LH:14
BRDA:25,0,0,2
BRDA:25,0,1,1
BRDA:43,1,0,16
BRDA:43,1,1,5
BRF:4
BRH:4
end_of_record
TN:
SF:src/components/icon/index.tsx
FN:28,Icon
FNF:1
FNH:1
FNDA:145,Icon
DA:1,14
DA:2,14
DA:10,14
DA:22,14
DA:28,14
DA:29,145
DA:31,145
DA:32,1
DA:35,144
DA:41,144
LF:10
LH:10
BRDA:29,0,0,129
BRDA:31,1,0,1
BRF:2
BRH:2
end_of_record
TN:
SF:src/components/navbar/index.tsx
FN:4,Navbar
FNF:1
FNH:1
FNDA:1,Navbar
DA:1,2
DA:2,2
DA:4,2
DA:5,1
LF:4
LH:4
BRF:0
BRH:0
end_of_record
TN:
SF:src/components/select/index.tsx
FN:17,Select
FN:21,(anonymous_1)
FN:37,(anonymous_2)
FN:38,(anonymous_3)
FNF:4
FNH:4
FNDA:48,Select
FNDA:4,(anonymous_1)
FNDA:64,(anonymous_2)
FNDA:112,(anonymous_3)
DA:1,8
DA:2,8
DA:17,8
DA:18,48
DA:20,48
DA:22,4
DA:27,48
DA:37,64
DA:39,112
LF:9
LH:9
BRDA:18,0,0,0
BRDA:31,1,0,48
BRDA:31,1,1,2
BRDA:37,2,0,63
BRDA:37,2,1,1
BRF:5
BRH:4
end_of_record
TN:
SF:src/models/candidates/action-types.ts
FNF:0
FNH:0
DA:1,17
DA:2,17
DA:3,17
DA:4,17
LF:4
LH:4
BRF:0
BRH:0
end_of_record
TN:
SF:src/models/candidates/actions.ts
FN:4,(anonymous_0)
FN:10,(anonymous_1)
FN:24,(anonymous_2)
FN:38,(anonymous_3)
FNF:4
FNH:4
FNDA:12,(anonymous_0)
FNDA:3,(anonymous_1)
FNDA:9,(anonymous_2)
FNDA:5,(anonymous_3)
DA:1,5
DA:4,5
DA:6,12
DA:10,5
DA:17,3
DA:24,5
DA:31,9
DA:38,5
DA:45,5
LF:9
LH:9
BRF:0
BRH:0
end_of_record
TN:
SF:src/models/candidates/reducers.ts
FN:10,(anonymous_0)
FNF:1
FNH:1
FNDA:67,(anonymous_0)
DA:1,14
DA:4,14
DA:10,14
DA:18,67
DA:19,67
DA:21,2
DA:28,1
DA:34,1
DA:40,1
DA:46,62
DA:51,14
LF:11
LH:11
BRDA:11,0,0,61
BRDA:19,1,0,2
BRDA:19,1,1,1
BRDA:19,1,2,1
BRDA:19,1,3,1
BRDA:19,1,4,62
BRF:6
BRH:6
end_of_record
TN:
SF:src/models/candidates/sagas.ts
FN:7,fetchCandidates
FNF:1
FNH:1
FNDA:2,fetchCandidates
DA:1,1
DA:2,1
DA:3,1
DA:5,1
DA:7,1
DA:12,2
DA:13,2
DA:14,2
DA:15,2
DA:16,1
DA:17,1
DA:18,1
DA:19,1
DA:22,1
DA:24,2
DA:28,1
DA:30,1
LF:17
LH:17
BRDA:15,0,0,1
BRDA:15,0,1,1
BRDA:18,1,0,1
BRF:3
BRH:3
end_of_record
TN:
SF:src/models/candidates/selectors.ts
FN:3,(anonymous_0)
FN:5,(anonymous_1)
FN:7,(anonymous_2)
FN:9,(anonymous_3)
FNF:4
FNH:4
FNDA:56,(anonymous_0)
FNDA:18,(anonymous_1)
FNDA:19,(anonymous_2)
FNDA:19,(anonymous_3)
DA:3,56
DA:5,18
DA:7,19
DA:9,19
LF:4
LH:4
BRDA:5,0,0,18
BRDA:5,0,1,6
BRDA:9,1,0,19
BRDA:9,1,1,6
BRF:4
BRH:4
end_of_record
TN:
SF:src/modules/applications/index.tsx
FN:9,Applications
FN:19,(anonymous_1)
FN:24,(anonymous_2)
FN:36,(anonymous_3)
FN:47,(anonymous_4)
FNF:5
FNH:4
FNDA:13,Applications
FNDA:8,(anonymous_1)
FNDA:1,(anonymous_2)
FNDA:0,(anonymous_3)
FNDA:1,(anonymous_4)
DA:1,3
DA:2,3
DA:3,3
DA:4,3
DA:5,3
DA:6,3
DA:7,3
DA:9,3
DA:10,13
DA:11,13
DA:12,13
DA:13,13
DA:14,13
DA:19,13
DA:20,8
DA:23,13
DA:25,1
DA:26,1
DA:27,1
DA:28,1
DA:30,1
DA:35,13
DA:37,0
DA:38,0
DA:39,0
DA:40,0
DA:42,0
DA:47,13
DA:48,1
DA:51,13
DA:53,13
LF:31
LH:26
BRDA:27,0,0,1
BRDA:39,1,0,0
BRDA:60,2,0,13
BRDA:60,2,1,0
BRDA:61,3,0,13
BRDA:61,3,1,0
BRF:6
BRH:3
end_of_record
TN:
SF:src/modules/applications/utils.ts
FN:8,(anonymous_0)
FN:48,(anonymous_1)
FNF:2
FNH:2
FNDA:13,(anonymous_0)
FNDA:12,(anonymous_1)
DA:1,3
DA:8,13
DA:48,12
LF:3
LH:3
BRF:0
BRH:0
end_of_record
TN:
SF:src/redux/reducers/index.ts
FNF:0
FNH:0
DA:1,13
DA:3,13
DA:5,13
LF:3
LH:3
BRF:0
BRH:0
end_of_record
TN:
SF:tests/test-utils.tsx
FN:8,makeTestStore
FN:14,render
FNF:2
FNH:2
FNDA:7,makeTestStore
FNDA:35,render
DA:1,13
DA:2,13
DA:3,13
DA:4,13
DA:5,13
DA:6,13
DA:9,7
DA:10,7
DA:11,7
DA:18,35
DA:22,13
DA:24,13
LF:12
LH:12
BRDA:8,0,0,2
BRDA:16,1,0,28
BRDA:16,2,0,35
BRDA:16,3,0,28
BRF:4
BRH:4
end_of_record
